<?xml version="1.0" encoding="UTF-8"?>
<!-- Generated by org.testng.reporters.JUnitXMLReporter -->
<testsuite ignored="0" hostname="IPS-215" failures="1" tests="1" name="Test_Chrome" time="9.951" errors="0" timestamp="2024-08-21T15:16:27 IST">
  <testcase classname="Testcase.Verified_Home_Testcase2" name="Verified_Home_Page" time="6.072">
    <failure type="java.lang.AssertionError" message="Title does not match the expected Title.! expected [Crowd Funding] but found [Login | Minimal UI]">
      <![CDATA[java.lang.AssertionError: Title does not match the expected Title.! expected [Crowd Funding] but found [Login | Minimal UI]
at ObjectFile.Home_page2.Home(Home_page2.java:46)
at Testcase.Verified_Home_Testcase2.Verified_Home_Page(Verified_Home_Testcase2.java:11)
at java.base/java.util.ArrayList.forEach(ArrayList.java:1596)
... Removed 30 stack frames]]>
    </failure>
  </testcase> <!-- Verified_Home_Page -->
</testsuite> <!-- Test_Chrome -->
